Terminals unused in grammar

    TK_PR_THEN
    TK_PR_FOREACH
    TK_PR_SWITCH
    TK_PR_CASE
    TK_PR_CLASS
    TK_PR_PRIVATE
    TK_PR_PUBLIC
    TK_PR_PROTECTED
    TK_PR_END
    TK_PR_DEFAULT
    TK_OC_AND
    TK_OC_OR
    TOKEN_ERRO
    "("


State 51 conflicts: 1 shift/reduce


Grammar

    0 $accept: programa $end

    1 programa: ε
    2         | decl programa
    3         | func programa

    4 decl: TK_PR_STATIC type list
    5     | type list

    6 estrutura: TK_IDENTIFICADOR '[' TK_LIT_INT ']'
    7          | TK_IDENTIFICADOR

    8 type: TK_PR_INT
    9     | TK_PR_FLOAT
   10     | TK_PR_CHAR
   11     | TK_PR_BOOL
   12     | TK_PR_STRING

   13 list: estrutura ';'
   14     | estrutura ',' list

   15 func: TK_PR_STATIC func_aux
   16     | func_aux

   17 func_aux: type TK_IDENTIFICADOR '(' param_list ')' command_block

   18 param_list: ε
   19           | func_param
   20           | func_param ',' param_list

   21 func_param: TK_PR_CONST type TK_IDENTIFICADOR
   22           | type TK_IDENTIFICADOR

   23 command_block: '{' command_list '}'

   24 command_list: ε
   25             | simple_command command_list

   26 simple_command: local_decl ';'
   27               | attribution ';'
   28               | input_op ';'
   29               | output_op ';'
   30               | func_call ';'
   31               | return_op ';'
   32               | break_op ';'
   33               | continue_op ';'
   34               | shift_op ';'
   35               | cond_flow ';'
   36               | iter_flow ';'

   37 local_decl: TK_PR_STATIC TK_PR_CONST type local_list
   38           | TK_PR_CONST type local_list
   39           | TK_PR_STATIC type local_list
   40           | type local_list

   41 value: TK_IDENTIFICADOR
   42      | literal

   43 literal: literal_numeric
   44        | literal_alphabetic
   45        | literal_boolean

   46 literal_numeric: TK_LIT_INT
   47                | TK_LIT_FLOAT

   48 literal_alphabetic: TK_LIT_CHAR
   49                   | TK_LIT_STRING

   50 literal_boolean: TK_LIT_FALSE
   51                | TK_LIT_TRUE

   52 local_list: local_decl_aux local_list_aux

   53 local_list_aux: ε
   54               | ',' local_decl_aux local_list_aux

   55 local_decl_aux: TK_IDENTIFICADOR
   56               | TK_IDENTIFICADOR TK_OC_LE value

   57 attribution: estrutura '=' expression

   58 input_op: TK_PR_INPUT TK_IDENTIFICADOR

   59 output_op: TK_PR_OUTPUT TK_IDENTIFICADOR
   60          | TK_PR_OUTPUT literal

   61 func_call: TK_IDENTIFICADOR '(' params ')'

   62 params: param
   63       | param ',' params

   64 param: ε
   65      | literal_alphabetic
   66      | literal_boolean
   67      | expression

   68 return_op: TK_PR_RETURN expression

   69 break_op: TK_PR_BREAK

   70 continue_op: TK_PR_CONTINUE

   71 shift_op: estrutura TK_OC_SL TK_LIT_INT
   72         | estrutura TK_OC_SR TK_LIT_INT

   73 expression: arithmetic
   74           | logic
   75           | ternary

   76 arithmetic: arithmetic_operand
   77           | un_arithmetic_operator arithmetic_operand
   78           | un_arithmetic_operator arithmetic_operand bin_arithmetic_operator arithmetic
   79           | arithmetic_operand bin_arithmetic_operator arithmetic
   80           | '(' arithmetic ')'

   81 arithmetic_operand: estrutura
   82                   | literal_numeric
   83                   | func_call

   84 bin_arithmetic_operator: '+'
   85                        | '-'
   86                        | '*'
   87                        | '/'
   88                        | '%'
   89                        | '^'

   90 un_arithmetic_operator: '+'
   91                       | '-'
   92                       | '&'
   93                       | '*'
   94                       | '#'

   95 un_logic_operator: '!'
   96                  | '?'

   97 bin_logic_operator: '|'
   98                   | '&'
   99                   | '|' '|'
  100                   | '&' '&'

  101 relational_op: TK_OC_LE
  102              | TK_OC_EQ
  103              | TK_OC_GE
  104              | TK_OC_NE
  105              | '>'
  106              | '<'

  107 ternary: logic '?' arithmetic ':' arithmetic
  108        | logic '?' logic ':' logic

  109 logic: arithmetic relational_op arithmetic
  110      | un_logic_operator arithmetic_operand logic
  111      | arithmetic_operand bin_logic_operator arithmetic_operand logic

  112 cond_flow: TK_PR_IF '(' expression ')' command_block
  113          | TK_PR_IF '(' expression ')' command_block TK_PR_ELSE command_block

  114 iter_flow: TK_PR_FOR '(' attribution ':' expression ':' attribution ')' command_block
  115          | TK_PR_WHILE '(' expression ')' TK_PR_DO command_block


Terminals, with rules where they appear

    $end (0) 0
    '!' (33) 95
    '#' (35) 94
    '%' (37) 88
    '&' (38) 92 98 100
    '(' (40) 17 61 80 112 113 114 115
    ')' (41) 17 61 80 112 113 114 115
    '*' (42) 86 93
    '+' (43) 84 90
    ',' (44) 14 20 54 63
    '-' (45) 85 91
    '/' (47) 87
    ':' (58) 107 108 114
    ';' (59) 13 26 27 28 29 30 31 32 33 34 35 36
    '<' (60) 106
    '=' (61) 57
    '>' (62) 105
    '?' (63) 96 107 108
    '[' (91) 6
    ']' (93) 6
    '^' (94) 89
    '{' (123) 23
    '|' (124) 97 99
    '}' (125) 23
    error (256)
    TK_PR_INT (258) 8
    TK_PR_FLOAT (259) 9
    TK_PR_BOOL (260) 11
    TK_PR_CHAR (261) 10
    TK_PR_STRING (262) 12
    TK_PR_IF (263) 112 113
    TK_PR_THEN (264)
    TK_PR_ELSE (265) 113
    TK_PR_WHILE (266) 115
    TK_PR_DO (267) 115
    TK_PR_INPUT (268) 58
    TK_PR_OUTPUT (269) 59 60
    TK_PR_RETURN (270) 68
    TK_PR_CONST (271) 21 37 38
    TK_PR_STATIC (272) 4 15 37 39
    TK_PR_FOREACH (273)
    TK_PR_FOR (274) 114
    TK_PR_SWITCH (275)
    TK_PR_CASE (276)
    TK_PR_BREAK (277) 69
    TK_PR_CONTINUE (278) 70
    TK_PR_CLASS (279)
    TK_PR_PRIVATE (280)
    TK_PR_PUBLIC (281)
    TK_PR_PROTECTED (282)
    TK_PR_END (283)
    TK_PR_DEFAULT (284)
    TK_OC_LE (285) 56 101
    TK_OC_GE (286) 103
    TK_OC_EQ (287) 102
    TK_OC_NE (288) 104
    TK_OC_AND (289)
    TK_OC_OR (290)
    TK_OC_SL (291) 71
    TK_OC_SR (292) 72
    TK_LIT_INT (293) 6 46 71 72
    TK_LIT_FLOAT (294) 47
    TK_LIT_FALSE (295) 50
    TK_LIT_TRUE (296) 51
    TK_LIT_CHAR (297) 48
    TK_LIT_STRING (298) 49
    TK_IDENTIFICADOR (299) 6 7 17 21 22 41 55 56 58 59 61
    TOKEN_ERRO (300)
    "(" (301)


Nonterminals, with rules where they appear

    $accept (70)
        on left: 0
    programa (71)
        on left: 1 2 3
        on right: 0 2 3
    decl (72)
        on left: 4 5
        on right: 2
    estrutura (73)
        on left: 6 7
        on right: 13 14 57 71 72 81
    type (74)
        on left: 8 9 10 11 12
        on right: 4 5 17 21 22 37 38 39 40
    list (75)
        on left: 13 14
        on right: 4 5 14
    func (76)
        on left: 15 16
        on right: 3
    func_aux (77)
        on left: 17
        on right: 15 16
    param_list (78)
        on left: 18 19 20
        on right: 17 20
    func_param (79)
        on left: 21 22
        on right: 19 20
    command_block (80)
        on left: 23
        on right: 17 112 113 114 115
    command_list (81)
        on left: 24 25
        on right: 23 25
    simple_command (82)
        on left: 26 27 28 29 30 31 32 33 34 35 36
        on right: 25
    local_decl (83)
        on left: 37 38 39 40
        on right: 26
    value (84)
        on left: 41 42
        on right: 56
    literal (85)
        on left: 43 44 45
        on right: 42 60
    literal_numeric (86)
        on left: 46 47
        on right: 43 82
    literal_alphabetic (87)
        on left: 48 49
        on right: 44 65
    literal_boolean (88)
        on left: 50 51
        on right: 45 66
    local_list (89)
        on left: 52
        on right: 37 38 39 40
    local_list_aux (90)
        on left: 53 54
        on right: 52 54
    local_decl_aux (91)
        on left: 55 56
        on right: 52 54
    attribution (92)
        on left: 57
        on right: 27 114
    input_op (93)
        on left: 58
        on right: 28
    output_op (94)
        on left: 59 60
        on right: 29
    func_call (95)
        on left: 61
        on right: 30 83
    params (96)
        on left: 62 63
        on right: 61 63
    param (97)
        on left: 64 65 66 67
        on right: 62 63
    return_op (98)
        on left: 68
        on right: 31
    break_op (99)
        on left: 69
        on right: 32
    continue_op (100)
        on left: 70
        on right: 33
    shift_op (101)
        on left: 71 72
        on right: 34
    expression (102)
        on left: 73 74 75
        on right: 57 67 68 112 113 114 115
    arithmetic (103)
        on left: 76 77 78 79 80
        on right: 73 78 79 80 107 109
    arithmetic_operand (104)
        on left: 81 82 83
        on right: 76 77 78 79 110 111
    bin_arithmetic_operator (105)
        on left: 84 85 86 87 88 89
        on right: 78 79
    un_arithmetic_operator (106)
        on left: 90 91 92 93 94
        on right: 77 78
    un_logic_operator (107)
        on left: 95 96
        on right: 110
    bin_logic_operator (108)
        on left: 97 98 99 100
        on right: 111
    relational_op (109)
        on left: 101 102 103 104 105 106
        on right: 109
    ternary (110)
        on left: 107 108
        on right: 75
    logic (111)
        on left: 109 110 111
        on right: 74 107 108 110 111
    cond_flow (112)
        on left: 112 113
        on right: 35
    iter_flow (113)
        on left: 114 115
        on right: 36


State 0

    0 $accept: • programa $end

    TK_PR_INT     shift, and go to state 1
    TK_PR_FLOAT   shift, and go to state 2
    TK_PR_BOOL    shift, and go to state 3
    TK_PR_CHAR    shift, and go to state 4
    TK_PR_STRING  shift, and go to state 5
    TK_PR_STATIC  shift, and go to state 6

    $default  reduce using rule 1 (programa)

    programa  go to state 7
    decl      go to state 8
    type      go to state 9
    func      go to state 10
    func_aux  go to state 11


State 1

    8 type: TK_PR_INT •

    $default  reduce using rule 8 (type)


State 2

    9 type: TK_PR_FLOAT •

    $default  reduce using rule 9 (type)


State 3

   11 type: TK_PR_BOOL •

    $default  reduce using rule 11 (type)


State 4

   10 type: TK_PR_CHAR •

    $default  reduce using rule 10 (type)


State 5

   12 type: TK_PR_STRING •

    $default  reduce using rule 12 (type)


State 6

    4 decl: TK_PR_STATIC • type list
   15 func: TK_PR_STATIC • func_aux

    TK_PR_INT     shift, and go to state 1
    TK_PR_FLOAT   shift, and go to state 2
    TK_PR_BOOL    shift, and go to state 3
    TK_PR_CHAR    shift, and go to state 4
    TK_PR_STRING  shift, and go to state 5

    type      go to state 12
    func_aux  go to state 13


State 7

    0 $accept: programa • $end

    $end  shift, and go to state 14


State 8

    2 programa: decl • programa

    TK_PR_INT     shift, and go to state 1
    TK_PR_FLOAT   shift, and go to state 2
    TK_PR_BOOL    shift, and go to state 3
    TK_PR_CHAR    shift, and go to state 4
    TK_PR_STRING  shift, and go to state 5
    TK_PR_STATIC  shift, and go to state 6

    $default  reduce using rule 1 (programa)

    programa  go to state 15
    decl      go to state 8
    type      go to state 9
    func      go to state 10
    func_aux  go to state 11


State 9

    5 decl: type • list
   17 func_aux: type • TK_IDENTIFICADOR '(' param_list ')' command_block

    TK_IDENTIFICADOR  shift, and go to state 16

    estrutura  go to state 17
    list       go to state 18


State 10

    3 programa: func • programa

    TK_PR_INT     shift, and go to state 1
    TK_PR_FLOAT   shift, and go to state 2
    TK_PR_BOOL    shift, and go to state 3
    TK_PR_CHAR    shift, and go to state 4
    TK_PR_STRING  shift, and go to state 5
    TK_PR_STATIC  shift, and go to state 6

    $default  reduce using rule 1 (programa)

    programa  go to state 19
    decl      go to state 8
    type      go to state 9
    func      go to state 10
    func_aux  go to state 11


State 11

   16 func: func_aux •

    $default  reduce using rule 16 (func)


State 12

    4 decl: TK_PR_STATIC type • list
   17 func_aux: type • TK_IDENTIFICADOR '(' param_list ')' command_block

    TK_IDENTIFICADOR  shift, and go to state 16

    estrutura  go to state 17
    list       go to state 20


State 13

   15 func: TK_PR_STATIC func_aux •

    $default  reduce using rule 15 (func)


State 14

    0 $accept: programa $end •

    $default  accept


State 15

    2 programa: decl programa •

    $default  reduce using rule 2 (programa)


State 16

    6 estrutura: TK_IDENTIFICADOR • '[' TK_LIT_INT ']'
    7          | TK_IDENTIFICADOR •
   17 func_aux: type TK_IDENTIFICADOR • '(' param_list ')' command_block

    '['  shift, and go to state 21
    '('  shift, and go to state 22

    $default  reduce using rule 7 (estrutura)


State 17

   13 list: estrutura • ';'
   14     | estrutura • ',' list

    ';'  shift, and go to state 23
    ','  shift, and go to state 24


State 18

    5 decl: type list •

    $default  reduce using rule 5 (decl)


State 19

    3 programa: func programa •

    $default  reduce using rule 3 (programa)


State 20

    4 decl: TK_PR_STATIC type list •

    $default  reduce using rule 4 (decl)


State 21

    6 estrutura: TK_IDENTIFICADOR '[' • TK_LIT_INT ']'

    TK_LIT_INT  shift, and go to state 25


State 22

   17 func_aux: type TK_IDENTIFICADOR '(' • param_list ')' command_block

    TK_PR_INT     shift, and go to state 1
    TK_PR_FLOAT   shift, and go to state 2
    TK_PR_BOOL    shift, and go to state 3
    TK_PR_CHAR    shift, and go to state 4
    TK_PR_STRING  shift, and go to state 5
    TK_PR_CONST   shift, and go to state 26

    $default  reduce using rule 18 (param_list)

    type        go to state 27
    param_list  go to state 28
    func_param  go to state 29


State 23

   13 list: estrutura ';' •

    $default  reduce using rule 13 (list)


State 24

   14 list: estrutura ',' • list

    TK_IDENTIFICADOR  shift, and go to state 30

    estrutura  go to state 17
    list       go to state 31


State 25

    6 estrutura: TK_IDENTIFICADOR '[' TK_LIT_INT • ']'

    ']'  shift, and go to state 32


State 26

   21 func_param: TK_PR_CONST • type TK_IDENTIFICADOR

    TK_PR_INT     shift, and go to state 1
    TK_PR_FLOAT   shift, and go to state 2
    TK_PR_BOOL    shift, and go to state 3
    TK_PR_CHAR    shift, and go to state 4
    TK_PR_STRING  shift, and go to state 5

    type  go to state 33


State 27

   22 func_param: type • TK_IDENTIFICADOR

    TK_IDENTIFICADOR  shift, and go to state 34


State 28

   17 func_aux: type TK_IDENTIFICADOR '(' param_list • ')' command_block

    ')'  shift, and go to state 35


State 29

   19 param_list: func_param •
   20           | func_param • ',' param_list

    ','  shift, and go to state 36

    $default  reduce using rule 19 (param_list)


State 30

    6 estrutura: TK_IDENTIFICADOR • '[' TK_LIT_INT ']'
    7          | TK_IDENTIFICADOR •

    '['  shift, and go to state 21

    $default  reduce using rule 7 (estrutura)


State 31

   14 list: estrutura ',' list •

    $default  reduce using rule 14 (list)


State 32

    6 estrutura: TK_IDENTIFICADOR '[' TK_LIT_INT ']' •

    $default  reduce using rule 6 (estrutura)


State 33

   21 func_param: TK_PR_CONST type • TK_IDENTIFICADOR

    TK_IDENTIFICADOR  shift, and go to state 37


State 34

   22 func_param: type TK_IDENTIFICADOR •

    $default  reduce using rule 22 (func_param)


State 35

   17 func_aux: type TK_IDENTIFICADOR '(' param_list ')' • command_block

    '{'  shift, and go to state 38

    command_block  go to state 39


State 36

   20 param_list: func_param ',' • param_list

    TK_PR_INT     shift, and go to state 1
    TK_PR_FLOAT   shift, and go to state 2
    TK_PR_BOOL    shift, and go to state 3
    TK_PR_CHAR    shift, and go to state 4
    TK_PR_STRING  shift, and go to state 5
    TK_PR_CONST   shift, and go to state 26

    $default  reduce using rule 18 (param_list)

    type        go to state 27
    param_list  go to state 40
    func_param  go to state 29


State 37

   21 func_param: TK_PR_CONST type TK_IDENTIFICADOR •

    $default  reduce using rule 21 (func_param)


State 38

   23 command_block: '{' • command_list '}'

    TK_PR_INT         shift, and go to state 1
    TK_PR_FLOAT       shift, and go to state 2
    TK_PR_BOOL        shift, and go to state 3
    TK_PR_CHAR        shift, and go to state 4
    TK_PR_STRING      shift, and go to state 5
    TK_PR_IF          shift, and go to state 41
    TK_PR_WHILE       shift, and go to state 42
    TK_PR_INPUT       shift, and go to state 43
    TK_PR_OUTPUT      shift, and go to state 44
    TK_PR_RETURN      shift, and go to state 45
    TK_PR_CONST       shift, and go to state 46
    TK_PR_STATIC      shift, and go to state 47
    TK_PR_FOR         shift, and go to state 48
    TK_PR_BREAK       shift, and go to state 49
    TK_PR_CONTINUE    shift, and go to state 50
    TK_IDENTIFICADOR  shift, and go to state 51

    $default  reduce using rule 24 (command_list)

    estrutura       go to state 52
    type            go to state 53
    command_list    go to state 54
    simple_command  go to state 55
    local_decl      go to state 56
    attribution     go to state 57
    input_op        go to state 58
    output_op       go to state 59
    func_call       go to state 60
    return_op       go to state 61
    break_op        go to state 62
    continue_op     go to state 63
    shift_op        go to state 64
    cond_flow       go to state 65
    iter_flow       go to state 66


State 39

   17 func_aux: type TK_IDENTIFICADOR '(' param_list ')' command_block •

    $default  reduce using rule 17 (func_aux)


State 40

   20 param_list: func_param ',' param_list •

    $default  reduce using rule 20 (param_list)


State 41

  112 cond_flow: TK_PR_IF • '(' expression ')' command_block
  113          | TK_PR_IF • '(' expression ')' command_block TK_PR_ELSE command_block

    '('  shift, and go to state 67


State 42

  115 iter_flow: TK_PR_WHILE • '(' expression ')' TK_PR_DO command_block

    '('  shift, and go to state 68


State 43

   58 input_op: TK_PR_INPUT • TK_IDENTIFICADOR

    TK_IDENTIFICADOR  shift, and go to state 69


State 44

   59 output_op: TK_PR_OUTPUT • TK_IDENTIFICADOR
   60          | TK_PR_OUTPUT • literal

    TK_LIT_INT        shift, and go to state 70
    TK_LIT_FLOAT      shift, and go to state 71
    TK_LIT_FALSE      shift, and go to state 72
    TK_LIT_TRUE       shift, and go to state 73
    TK_LIT_CHAR       shift, and go to state 74
    TK_LIT_STRING     shift, and go to state 75
    TK_IDENTIFICADOR  shift, and go to state 76

    literal             go to state 77
    literal_numeric     go to state 78
    literal_alphabetic  go to state 79
    literal_boolean     go to state 80


State 45

   68 return_op: TK_PR_RETURN • expression

    TK_LIT_INT        shift, and go to state 70
    TK_LIT_FLOAT      shift, and go to state 71
    TK_IDENTIFICADOR  shift, and go to state 51
    '&'               shift, and go to state 81
    '#'               shift, and go to state 82
    '*'               shift, and go to state 83
    '('               shift, and go to state 84
    '+'               shift, and go to state 85
    '-'               shift, and go to state 86
    '!'               shift, and go to state 87
    '?'               shift, and go to state 88

    estrutura               go to state 89
    literal_numeric         go to state 90
    func_call               go to state 91
    expression              go to state 92
    arithmetic              go to state 93
    arithmetic_operand      go to state 94
    un_arithmetic_operator  go to state 95
    un_logic_operator       go to state 96
    ternary                 go to state 97
    logic                   go to state 98


State 46

   38 local_decl: TK_PR_CONST • type local_list

    TK_PR_INT     shift, and go to state 1
    TK_PR_FLOAT   shift, and go to state 2
    TK_PR_BOOL    shift, and go to state 3
    TK_PR_CHAR    shift, and go to state 4
    TK_PR_STRING  shift, and go to state 5

    type  go to state 99


State 47

   37 local_decl: TK_PR_STATIC • TK_PR_CONST type local_list
   39           | TK_PR_STATIC • type local_list

    TK_PR_INT     shift, and go to state 1
    TK_PR_FLOAT   shift, and go to state 2
    TK_PR_BOOL    shift, and go to state 3
    TK_PR_CHAR    shift, and go to state 4
    TK_PR_STRING  shift, and go to state 5
    TK_PR_CONST   shift, and go to state 100

    type  go to state 101


State 48

  114 iter_flow: TK_PR_FOR • '(' attribution ':' expression ':' attribution ')' command_block

    '('  shift, and go to state 102


State 49

   69 break_op: TK_PR_BREAK •

    $default  reduce using rule 69 (break_op)


State 50

   70 continue_op: TK_PR_CONTINUE •

    $default  reduce using rule 70 (continue_op)


State 51

    6 estrutura: TK_IDENTIFICADOR • '[' TK_LIT_INT ']'
    7          | TK_IDENTIFICADOR •
   61 func_call: TK_IDENTIFICADOR • '(' params ')'

    '['  shift, and go to state 21
    '('  shift, and go to state 103

    '('       [reduce using rule 7 (estrutura)]
    $default  reduce using rule 7 (estrutura)


State 52

   57 attribution: estrutura • '=' expression
   71 shift_op: estrutura • TK_OC_SL TK_LIT_INT
   72         | estrutura • TK_OC_SR TK_LIT_INT

    TK_OC_SL  shift, and go to state 104
    TK_OC_SR  shift, and go to state 105
    '='       shift, and go to state 106


State 53

   40 local_decl: type • local_list

    TK_IDENTIFICADOR  shift, and go to state 107

    local_list      go to state 108
    local_decl_aux  go to state 109


State 54

   23 command_block: '{' command_list • '}'

    '}'  shift, and go to state 110


State 55

   25 command_list: simple_command • command_list

    TK_PR_INT         shift, and go to state 1
    TK_PR_FLOAT       shift, and go to state 2
    TK_PR_BOOL        shift, and go to state 3
    TK_PR_CHAR        shift, and go to state 4
    TK_PR_STRING      shift, and go to state 5
    TK_PR_IF          shift, and go to state 41
    TK_PR_WHILE       shift, and go to state 42
    TK_PR_INPUT       shift, and go to state 43
    TK_PR_OUTPUT      shift, and go to state 44
    TK_PR_RETURN      shift, and go to state 45
    TK_PR_CONST       shift, and go to state 46
    TK_PR_STATIC      shift, and go to state 47
    TK_PR_FOR         shift, and go to state 48
    TK_PR_BREAK       shift, and go to state 49
    TK_PR_CONTINUE    shift, and go to state 50
    TK_IDENTIFICADOR  shift, and go to state 51

    $default  reduce using rule 24 (command_list)

    estrutura       go to state 52
    type            go to state 53
    command_list    go to state 111
    simple_command  go to state 55
    local_decl      go to state 56
    attribution     go to state 57
    input_op        go to state 58
    output_op       go to state 59
    func_call       go to state 60
    return_op       go to state 61
    break_op        go to state 62
    continue_op     go to state 63
    shift_op        go to state 64
    cond_flow       go to state 65
    iter_flow       go to state 66


State 56

   26 simple_command: local_decl • ';'

    ';'  shift, and go to state 112


State 57

   27 simple_command: attribution • ';'

    ';'  shift, and go to state 113


State 58

   28 simple_command: input_op • ';'

    ';'  shift, and go to state 114


State 59

   29 simple_command: output_op • ';'

    ';'  shift, and go to state 115


State 60

   30 simple_command: func_call • ';'

    ';'  shift, and go to state 116


State 61

   31 simple_command: return_op • ';'

    ';'  shift, and go to state 117


State 62

   32 simple_command: break_op • ';'

    ';'  shift, and go to state 118


State 63

   33 simple_command: continue_op • ';'

    ';'  shift, and go to state 119


State 64

   34 simple_command: shift_op • ';'

    ';'  shift, and go to state 120


State 65

   35 simple_command: cond_flow • ';'

    ';'  shift, and go to state 121


State 66

   36 simple_command: iter_flow • ';'

    ';'  shift, and go to state 122


State 67

  112 cond_flow: TK_PR_IF '(' • expression ')' command_block
  113          | TK_PR_IF '(' • expression ')' command_block TK_PR_ELSE command_block

    TK_LIT_INT        shift, and go to state 70
    TK_LIT_FLOAT      shift, and go to state 71
    TK_IDENTIFICADOR  shift, and go to state 51
    '&'               shift, and go to state 81
    '#'               shift, and go to state 82
    '*'               shift, and go to state 83
    '('               shift, and go to state 84
    '+'               shift, and go to state 85
    '-'               shift, and go to state 86
    '!'               shift, and go to state 87
    '?'               shift, and go to state 88

    estrutura               go to state 89
    literal_numeric         go to state 90
    func_call               go to state 91
    expression              go to state 123
    arithmetic              go to state 93
    arithmetic_operand      go to state 94
    un_arithmetic_operator  go to state 95
    un_logic_operator       go to state 96
    ternary                 go to state 97
    logic                   go to state 98


State 68

  115 iter_flow: TK_PR_WHILE '(' • expression ')' TK_PR_DO command_block

    TK_LIT_INT        shift, and go to state 70
    TK_LIT_FLOAT      shift, and go to state 71
    TK_IDENTIFICADOR  shift, and go to state 51
    '&'               shift, and go to state 81
    '#'               shift, and go to state 82
    '*'               shift, and go to state 83
    '('               shift, and go to state 84
    '+'               shift, and go to state 85
    '-'               shift, and go to state 86
    '!'               shift, and go to state 87
    '?'               shift, and go to state 88

    estrutura               go to state 89
    literal_numeric         go to state 90
    func_call               go to state 91
    expression              go to state 124
    arithmetic              go to state 93
    arithmetic_operand      go to state 94
    un_arithmetic_operator  go to state 95
    un_logic_operator       go to state 96
    ternary                 go to state 97
    logic                   go to state 98


State 69

   58 input_op: TK_PR_INPUT TK_IDENTIFICADOR •

    $default  reduce using rule 58 (input_op)


State 70

   46 literal_numeric: TK_LIT_INT •

    $default  reduce using rule 46 (literal_numeric)


State 71

   47 literal_numeric: TK_LIT_FLOAT •

    $default  reduce using rule 47 (literal_numeric)


State 72

   50 literal_boolean: TK_LIT_FALSE •

    $default  reduce using rule 50 (literal_boolean)


State 73

   51 literal_boolean: TK_LIT_TRUE •

    $default  reduce using rule 51 (literal_boolean)


State 74

   48 literal_alphabetic: TK_LIT_CHAR •

    $default  reduce using rule 48 (literal_alphabetic)


State 75

   49 literal_alphabetic: TK_LIT_STRING •

    $default  reduce using rule 49 (literal_alphabetic)


State 76

   59 output_op: TK_PR_OUTPUT TK_IDENTIFICADOR •

    $default  reduce using rule 59 (output_op)


State 77

   60 output_op: TK_PR_OUTPUT literal •

    $default  reduce using rule 60 (output_op)


State 78

   43 literal: literal_numeric •

    $default  reduce using rule 43 (literal)


State 79

   44 literal: literal_alphabetic •

    $default  reduce using rule 44 (literal)


State 80

   45 literal: literal_boolean •

    $default  reduce using rule 45 (literal)


State 81

   92 un_arithmetic_operator: '&' •

    $default  reduce using rule 92 (un_arithmetic_operator)


State 82

   94 un_arithmetic_operator: '#' •

    $default  reduce using rule 94 (un_arithmetic_operator)


State 83

   93 un_arithmetic_operator: '*' •

    $default  reduce using rule 93 (un_arithmetic_operator)


State 84

   80 arithmetic: '(' • arithmetic ')'

    TK_LIT_INT        shift, and go to state 70
    TK_LIT_FLOAT      shift, and go to state 71
    TK_IDENTIFICADOR  shift, and go to state 51
    '&'               shift, and go to state 81
    '#'               shift, and go to state 82
    '*'               shift, and go to state 83
    '('               shift, and go to state 84
    '+'               shift, and go to state 85
    '-'               shift, and go to state 86

    estrutura               go to state 89
    literal_numeric         go to state 90
    func_call               go to state 91
    arithmetic              go to state 125
    arithmetic_operand      go to state 126
    un_arithmetic_operator  go to state 95


State 85

   90 un_arithmetic_operator: '+' •

    $default  reduce using rule 90 (un_arithmetic_operator)


State 86

   91 un_arithmetic_operator: '-' •

    $default  reduce using rule 91 (un_arithmetic_operator)


State 87

   95 un_logic_operator: '!' •

    $default  reduce using rule 95 (un_logic_operator)


State 88

   96 un_logic_operator: '?' •

    $default  reduce using rule 96 (un_logic_operator)


State 89

   81 arithmetic_operand: estrutura •

    $default  reduce using rule 81 (arithmetic_operand)


State 90

   82 arithmetic_operand: literal_numeric •

    $default  reduce using rule 82 (arithmetic_operand)


State 91

   83 arithmetic_operand: func_call •

    $default  reduce using rule 83 (arithmetic_operand)


State 92

   68 return_op: TK_PR_RETURN expression •

    $default  reduce using rule 68 (return_op)


State 93

   73 expression: arithmetic •
  109 logic: arithmetic • relational_op arithmetic

    TK_OC_LE  shift, and go to state 127
    TK_OC_GE  shift, and go to state 128
    TK_OC_EQ  shift, and go to state 129
    TK_OC_NE  shift, and go to state 130
    '>'       shift, and go to state 131
    '<'       shift, and go to state 132

    $default  reduce using rule 73 (expression)

    relational_op  go to state 133


State 94

   76 arithmetic: arithmetic_operand •
   79           | arithmetic_operand • bin_arithmetic_operator arithmetic
  111 logic: arithmetic_operand • bin_logic_operator arithmetic_operand logic

    '&'  shift, and go to state 134
    '*'  shift, and go to state 135
    '+'  shift, and go to state 136
    '-'  shift, and go to state 137
    '/'  shift, and go to state 138
    '%'  shift, and go to state 139
    '^'  shift, and go to state 140
    '|'  shift, and go to state 141

    $default  reduce using rule 76 (arithmetic)

    bin_arithmetic_operator  go to state 142
    bin_logic_operator       go to state 143


State 95

   77 arithmetic: un_arithmetic_operator • arithmetic_operand
   78           | un_arithmetic_operator • arithmetic_operand bin_arithmetic_operator arithmetic

    TK_LIT_INT        shift, and go to state 70
    TK_LIT_FLOAT      shift, and go to state 71
    TK_IDENTIFICADOR  shift, and go to state 51

    estrutura           go to state 89
    literal_numeric     go to state 90
    func_call           go to state 91
    arithmetic_operand  go to state 144


State 96

  110 logic: un_logic_operator • arithmetic_operand logic

    TK_LIT_INT        shift, and go to state 70
    TK_LIT_FLOAT      shift, and go to state 71
    TK_IDENTIFICADOR  shift, and go to state 51

    estrutura           go to state 89
    literal_numeric     go to state 90
    func_call           go to state 91
    arithmetic_operand  go to state 145


State 97

   75 expression: ternary •

    $default  reduce using rule 75 (expression)


State 98

   74 expression: logic •
  107 ternary: logic • '?' arithmetic ':' arithmetic
  108        | logic • '?' logic ':' logic

    '?'  shift, and go to state 146

    $default  reduce using rule 74 (expression)


State 99

   38 local_decl: TK_PR_CONST type • local_list

    TK_IDENTIFICADOR  shift, and go to state 107

    local_list      go to state 147
    local_decl_aux  go to state 109


State 100

   37 local_decl: TK_PR_STATIC TK_PR_CONST • type local_list

    TK_PR_INT     shift, and go to state 1
    TK_PR_FLOAT   shift, and go to state 2
    TK_PR_BOOL    shift, and go to state 3
    TK_PR_CHAR    shift, and go to state 4
    TK_PR_STRING  shift, and go to state 5

    type  go to state 148


State 101

   39 local_decl: TK_PR_STATIC type • local_list

    TK_IDENTIFICADOR  shift, and go to state 107

    local_list      go to state 149
    local_decl_aux  go to state 109


State 102

  114 iter_flow: TK_PR_FOR '(' • attribution ':' expression ':' attribution ')' command_block

    TK_IDENTIFICADOR  shift, and go to state 30

    estrutura    go to state 150
    attribution  go to state 151


State 103

   61 func_call: TK_IDENTIFICADOR '(' • params ')'

    TK_LIT_INT        shift, and go to state 70
    TK_LIT_FLOAT      shift, and go to state 71
    TK_LIT_FALSE      shift, and go to state 72
    TK_LIT_TRUE       shift, and go to state 73
    TK_LIT_CHAR       shift, and go to state 74
    TK_LIT_STRING     shift, and go to state 75
    TK_IDENTIFICADOR  shift, and go to state 51
    '&'               shift, and go to state 81
    '#'               shift, and go to state 82
    '*'               shift, and go to state 83
    '('               shift, and go to state 84
    '+'               shift, and go to state 85
    '-'               shift, and go to state 86
    '!'               shift, and go to state 87
    '?'               shift, and go to state 88

    $default  reduce using rule 64 (param)

    estrutura               go to state 89
    literal_numeric         go to state 90
    literal_alphabetic      go to state 152
    literal_boolean         go to state 153
    func_call               go to state 91
    params                  go to state 154
    param                   go to state 155
    expression              go to state 156
    arithmetic              go to state 93
    arithmetic_operand      go to state 94
    un_arithmetic_operator  go to state 95
    un_logic_operator       go to state 96
    ternary                 go to state 97
    logic                   go to state 98


State 104

   71 shift_op: estrutura TK_OC_SL • TK_LIT_INT

    TK_LIT_INT  shift, and go to state 157


State 105

   72 shift_op: estrutura TK_OC_SR • TK_LIT_INT

    TK_LIT_INT  shift, and go to state 158


State 106

   57 attribution: estrutura '=' • expression

    TK_LIT_INT        shift, and go to state 70
    TK_LIT_FLOAT      shift, and go to state 71
    TK_IDENTIFICADOR  shift, and go to state 51
    '&'               shift, and go to state 81
    '#'               shift, and go to state 82
    '*'               shift, and go to state 83
    '('               shift, and go to state 84
    '+'               shift, and go to state 85
    '-'               shift, and go to state 86
    '!'               shift, and go to state 87
    '?'               shift, and go to state 88

    estrutura               go to state 89
    literal_numeric         go to state 90
    func_call               go to state 91
    expression              go to state 159
    arithmetic              go to state 93
    arithmetic_operand      go to state 94
    un_arithmetic_operator  go to state 95
    un_logic_operator       go to state 96
    ternary                 go to state 97
    logic                   go to state 98


State 107

   55 local_decl_aux: TK_IDENTIFICADOR •
   56               | TK_IDENTIFICADOR • TK_OC_LE value

    TK_OC_LE  shift, and go to state 160

    $default  reduce using rule 55 (local_decl_aux)


State 108

   40 local_decl: type local_list •

    $default  reduce using rule 40 (local_decl)


State 109

   52 local_list: local_decl_aux • local_list_aux

    ','  shift, and go to state 161

    $default  reduce using rule 53 (local_list_aux)

    local_list_aux  go to state 162


State 110

   23 command_block: '{' command_list '}' •

    $default  reduce using rule 23 (command_block)


State 111

   25 command_list: simple_command command_list •

    $default  reduce using rule 25 (command_list)


State 112

   26 simple_command: local_decl ';' •

    $default  reduce using rule 26 (simple_command)


State 113

   27 simple_command: attribution ';' •

    $default  reduce using rule 27 (simple_command)


State 114

   28 simple_command: input_op ';' •

    $default  reduce using rule 28 (simple_command)


State 115

   29 simple_command: output_op ';' •

    $default  reduce using rule 29 (simple_command)


State 116

   30 simple_command: func_call ';' •

    $default  reduce using rule 30 (simple_command)


State 117

   31 simple_command: return_op ';' •

    $default  reduce using rule 31 (simple_command)


State 118

   32 simple_command: break_op ';' •

    $default  reduce using rule 32 (simple_command)


State 119

   33 simple_command: continue_op ';' •

    $default  reduce using rule 33 (simple_command)


State 120

   34 simple_command: shift_op ';' •

    $default  reduce using rule 34 (simple_command)


State 121

   35 simple_command: cond_flow ';' •

    $default  reduce using rule 35 (simple_command)


State 122

   36 simple_command: iter_flow ';' •

    $default  reduce using rule 36 (simple_command)


State 123

  112 cond_flow: TK_PR_IF '(' expression • ')' command_block
  113          | TK_PR_IF '(' expression • ')' command_block TK_PR_ELSE command_block

    ')'  shift, and go to state 163


State 124

  115 iter_flow: TK_PR_WHILE '(' expression • ')' TK_PR_DO command_block

    ')'  shift, and go to state 164


State 125

   80 arithmetic: '(' arithmetic • ')'

    ')'  shift, and go to state 165


State 126

   76 arithmetic: arithmetic_operand •
   79           | arithmetic_operand • bin_arithmetic_operator arithmetic

    '*'  shift, and go to state 135
    '+'  shift, and go to state 136
    '-'  shift, and go to state 137
    '/'  shift, and go to state 138
    '%'  shift, and go to state 139
    '^'  shift, and go to state 140

    $default  reduce using rule 76 (arithmetic)

    bin_arithmetic_operator  go to state 142


State 127

  101 relational_op: TK_OC_LE •

    $default  reduce using rule 101 (relational_op)


State 128

  103 relational_op: TK_OC_GE •

    $default  reduce using rule 103 (relational_op)


State 129

  102 relational_op: TK_OC_EQ •

    $default  reduce using rule 102 (relational_op)


State 130

  104 relational_op: TK_OC_NE •

    $default  reduce using rule 104 (relational_op)


State 131

  105 relational_op: '>' •

    $default  reduce using rule 105 (relational_op)


State 132

  106 relational_op: '<' •

    $default  reduce using rule 106 (relational_op)


State 133

  109 logic: arithmetic relational_op • arithmetic

    TK_LIT_INT        shift, and go to state 70
    TK_LIT_FLOAT      shift, and go to state 71
    TK_IDENTIFICADOR  shift, and go to state 51
    '&'               shift, and go to state 81
    '#'               shift, and go to state 82
    '*'               shift, and go to state 83
    '('               shift, and go to state 84
    '+'               shift, and go to state 85
    '-'               shift, and go to state 86

    estrutura               go to state 89
    literal_numeric         go to state 90
    func_call               go to state 91
    arithmetic              go to state 166
    arithmetic_operand      go to state 126
    un_arithmetic_operator  go to state 95


State 134

   98 bin_logic_operator: '&' •
  100                   | '&' • '&'

    '&'  shift, and go to state 167

    $default  reduce using rule 98 (bin_logic_operator)


State 135

   86 bin_arithmetic_operator: '*' •

    $default  reduce using rule 86 (bin_arithmetic_operator)


State 136

   84 bin_arithmetic_operator: '+' •

    $default  reduce using rule 84 (bin_arithmetic_operator)


State 137

   85 bin_arithmetic_operator: '-' •

    $default  reduce using rule 85 (bin_arithmetic_operator)


State 138

   87 bin_arithmetic_operator: '/' •

    $default  reduce using rule 87 (bin_arithmetic_operator)


State 139

   88 bin_arithmetic_operator: '%' •

    $default  reduce using rule 88 (bin_arithmetic_operator)


State 140

   89 bin_arithmetic_operator: '^' •

    $default  reduce using rule 89 (bin_arithmetic_operator)


State 141

   97 bin_logic_operator: '|' •
   99                   | '|' • '|'

    '|'  shift, and go to state 168

    $default  reduce using rule 97 (bin_logic_operator)


State 142

   79 arithmetic: arithmetic_operand bin_arithmetic_operator • arithmetic

    TK_LIT_INT        shift, and go to state 70
    TK_LIT_FLOAT      shift, and go to state 71
    TK_IDENTIFICADOR  shift, and go to state 51
    '&'               shift, and go to state 81
    '#'               shift, and go to state 82
    '*'               shift, and go to state 83
    '('               shift, and go to state 84
    '+'               shift, and go to state 85
    '-'               shift, and go to state 86

    estrutura               go to state 89
    literal_numeric         go to state 90
    func_call               go to state 91
    arithmetic              go to state 169
    arithmetic_operand      go to state 126
    un_arithmetic_operator  go to state 95


State 143

  111 logic: arithmetic_operand bin_logic_operator • arithmetic_operand logic

    TK_LIT_INT        shift, and go to state 70
    TK_LIT_FLOAT      shift, and go to state 71
    TK_IDENTIFICADOR  shift, and go to state 51

    estrutura           go to state 89
    literal_numeric     go to state 90
    func_call           go to state 91
    arithmetic_operand  go to state 170


State 144

   77 arithmetic: un_arithmetic_operator arithmetic_operand •
   78           | un_arithmetic_operator arithmetic_operand • bin_arithmetic_operator arithmetic

    '*'  shift, and go to state 135
    '+'  shift, and go to state 136
    '-'  shift, and go to state 137
    '/'  shift, and go to state 138
    '%'  shift, and go to state 139
    '^'  shift, and go to state 140

    $default  reduce using rule 77 (arithmetic)

    bin_arithmetic_operator  go to state 171


State 145

  110 logic: un_logic_operator arithmetic_operand • logic

    TK_LIT_INT        shift, and go to state 70
    TK_LIT_FLOAT      shift, and go to state 71
    TK_IDENTIFICADOR  shift, and go to state 51
    '&'               shift, and go to state 81
    '#'               shift, and go to state 82
    '*'               shift, and go to state 83
    '('               shift, and go to state 84
    '+'               shift, and go to state 85
    '-'               shift, and go to state 86
    '!'               shift, and go to state 87
    '?'               shift, and go to state 88

    estrutura               go to state 89
    literal_numeric         go to state 90
    func_call               go to state 91
    arithmetic              go to state 172
    arithmetic_operand      go to state 94
    un_arithmetic_operator  go to state 95
    un_logic_operator       go to state 96
    logic                   go to state 173


State 146

  107 ternary: logic '?' • arithmetic ':' arithmetic
  108        | logic '?' • logic ':' logic

    TK_LIT_INT        shift, and go to state 70
    TK_LIT_FLOAT      shift, and go to state 71
    TK_IDENTIFICADOR  shift, and go to state 51
    '&'               shift, and go to state 81
    '#'               shift, and go to state 82
    '*'               shift, and go to state 83
    '('               shift, and go to state 84
    '+'               shift, and go to state 85
    '-'               shift, and go to state 86
    '!'               shift, and go to state 87
    '?'               shift, and go to state 88

    estrutura               go to state 89
    literal_numeric         go to state 90
    func_call               go to state 91
    arithmetic              go to state 174
    arithmetic_operand      go to state 94
    un_arithmetic_operator  go to state 95
    un_logic_operator       go to state 96
    logic                   go to state 175


State 147

   38 local_decl: TK_PR_CONST type local_list •

    $default  reduce using rule 38 (local_decl)


State 148

   37 local_decl: TK_PR_STATIC TK_PR_CONST type • local_list

    TK_IDENTIFICADOR  shift, and go to state 107

    local_list      go to state 176
    local_decl_aux  go to state 109


State 149

   39 local_decl: TK_PR_STATIC type local_list •

    $default  reduce using rule 39 (local_decl)


State 150

   57 attribution: estrutura • '=' expression

    '='  shift, and go to state 106


State 151

  114 iter_flow: TK_PR_FOR '(' attribution • ':' expression ':' attribution ')' command_block

    ':'  shift, and go to state 177


State 152

   65 param: literal_alphabetic •

    $default  reduce using rule 65 (param)


State 153

   66 param: literal_boolean •

    $default  reduce using rule 66 (param)


State 154

   61 func_call: TK_IDENTIFICADOR '(' params • ')'

    ')'  shift, and go to state 178


State 155

   62 params: param •
   63       | param • ',' params

    ','  shift, and go to state 179

    $default  reduce using rule 62 (params)


State 156

   67 param: expression •

    $default  reduce using rule 67 (param)


State 157

   71 shift_op: estrutura TK_OC_SL TK_LIT_INT •

    $default  reduce using rule 71 (shift_op)


State 158

   72 shift_op: estrutura TK_OC_SR TK_LIT_INT •

    $default  reduce using rule 72 (shift_op)


State 159

   57 attribution: estrutura '=' expression •

    $default  reduce using rule 57 (attribution)


State 160

   56 local_decl_aux: TK_IDENTIFICADOR TK_OC_LE • value

    TK_LIT_INT        shift, and go to state 70
    TK_LIT_FLOAT      shift, and go to state 71
    TK_LIT_FALSE      shift, and go to state 72
    TK_LIT_TRUE       shift, and go to state 73
    TK_LIT_CHAR       shift, and go to state 74
    TK_LIT_STRING     shift, and go to state 75
    TK_IDENTIFICADOR  shift, and go to state 180

    value               go to state 181
    literal             go to state 182
    literal_numeric     go to state 78
    literal_alphabetic  go to state 79
    literal_boolean     go to state 80


State 161

   54 local_list_aux: ',' • local_decl_aux local_list_aux

    TK_IDENTIFICADOR  shift, and go to state 107

    local_decl_aux  go to state 183


State 162

   52 local_list: local_decl_aux local_list_aux •

    $default  reduce using rule 52 (local_list)


State 163

  112 cond_flow: TK_PR_IF '(' expression ')' • command_block
  113          | TK_PR_IF '(' expression ')' • command_block TK_PR_ELSE command_block

    '{'  shift, and go to state 38

    command_block  go to state 184


State 164

  115 iter_flow: TK_PR_WHILE '(' expression ')' • TK_PR_DO command_block

    TK_PR_DO  shift, and go to state 185


State 165

   80 arithmetic: '(' arithmetic ')' •

    $default  reduce using rule 80 (arithmetic)


State 166

  109 logic: arithmetic relational_op arithmetic •

    $default  reduce using rule 109 (logic)


State 167

  100 bin_logic_operator: '&' '&' •

    $default  reduce using rule 100 (bin_logic_operator)


State 168

   99 bin_logic_operator: '|' '|' •

    $default  reduce using rule 99 (bin_logic_operator)


State 169

   79 arithmetic: arithmetic_operand bin_arithmetic_operator arithmetic •

    $default  reduce using rule 79 (arithmetic)


State 170

  111 logic: arithmetic_operand bin_logic_operator arithmetic_operand • logic

    TK_LIT_INT        shift, and go to state 70
    TK_LIT_FLOAT      shift, and go to state 71
    TK_IDENTIFICADOR  shift, and go to state 51
    '&'               shift, and go to state 81
    '#'               shift, and go to state 82
    '*'               shift, and go to state 83
    '('               shift, and go to state 84
    '+'               shift, and go to state 85
    '-'               shift, and go to state 86
    '!'               shift, and go to state 87
    '?'               shift, and go to state 88

    estrutura               go to state 89
    literal_numeric         go to state 90
    func_call               go to state 91
    arithmetic              go to state 172
    arithmetic_operand      go to state 94
    un_arithmetic_operator  go to state 95
    un_logic_operator       go to state 96
    logic                   go to state 186


State 171

   78 arithmetic: un_arithmetic_operator arithmetic_operand bin_arithmetic_operator • arithmetic

    TK_LIT_INT        shift, and go to state 70
    TK_LIT_FLOAT      shift, and go to state 71
    TK_IDENTIFICADOR  shift, and go to state 51
    '&'               shift, and go to state 81
    '#'               shift, and go to state 82
    '*'               shift, and go to state 83
    '('               shift, and go to state 84
    '+'               shift, and go to state 85
    '-'               shift, and go to state 86

    estrutura               go to state 89
    literal_numeric         go to state 90
    func_call               go to state 91
    arithmetic              go to state 187
    arithmetic_operand      go to state 126
    un_arithmetic_operator  go to state 95


State 172

  109 logic: arithmetic • relational_op arithmetic

    TK_OC_LE  shift, and go to state 127
    TK_OC_GE  shift, and go to state 128
    TK_OC_EQ  shift, and go to state 129
    TK_OC_NE  shift, and go to state 130
    '>'       shift, and go to state 131
    '<'       shift, and go to state 132

    relational_op  go to state 133


State 173

  110 logic: un_logic_operator arithmetic_operand logic •

    $default  reduce using rule 110 (logic)


State 174

  107 ternary: logic '?' arithmetic • ':' arithmetic
  109 logic: arithmetic • relational_op arithmetic

    TK_OC_LE  shift, and go to state 127
    TK_OC_GE  shift, and go to state 128
    TK_OC_EQ  shift, and go to state 129
    TK_OC_NE  shift, and go to state 130
    '>'       shift, and go to state 131
    '<'       shift, and go to state 132
    ':'       shift, and go to state 188

    relational_op  go to state 133


State 175

  108 ternary: logic '?' logic • ':' logic

    ':'  shift, and go to state 189


State 176

   37 local_decl: TK_PR_STATIC TK_PR_CONST type local_list •

    $default  reduce using rule 37 (local_decl)


State 177

  114 iter_flow: TK_PR_FOR '(' attribution ':' • expression ':' attribution ')' command_block

    TK_LIT_INT        shift, and go to state 70
    TK_LIT_FLOAT      shift, and go to state 71
    TK_IDENTIFICADOR  shift, and go to state 51
    '&'               shift, and go to state 81
    '#'               shift, and go to state 82
    '*'               shift, and go to state 83
    '('               shift, and go to state 84
    '+'               shift, and go to state 85
    '-'               shift, and go to state 86
    '!'               shift, and go to state 87
    '?'               shift, and go to state 88

    estrutura               go to state 89
    literal_numeric         go to state 90
    func_call               go to state 91
    expression              go to state 190
    arithmetic              go to state 93
    arithmetic_operand      go to state 94
    un_arithmetic_operator  go to state 95
    un_logic_operator       go to state 96
    ternary                 go to state 97
    logic                   go to state 98


State 178

   61 func_call: TK_IDENTIFICADOR '(' params ')' •

    $default  reduce using rule 61 (func_call)


State 179

   63 params: param ',' • params

    TK_LIT_INT        shift, and go to state 70
    TK_LIT_FLOAT      shift, and go to state 71
    TK_LIT_FALSE      shift, and go to state 72
    TK_LIT_TRUE       shift, and go to state 73
    TK_LIT_CHAR       shift, and go to state 74
    TK_LIT_STRING     shift, and go to state 75
    TK_IDENTIFICADOR  shift, and go to state 51
    '&'               shift, and go to state 81
    '#'               shift, and go to state 82
    '*'               shift, and go to state 83
    '('               shift, and go to state 84
    '+'               shift, and go to state 85
    '-'               shift, and go to state 86
    '!'               shift, and go to state 87
    '?'               shift, and go to state 88

    $default  reduce using rule 64 (param)

    estrutura               go to state 89
    literal_numeric         go to state 90
    literal_alphabetic      go to state 152
    literal_boolean         go to state 153
    func_call               go to state 91
    params                  go to state 191
    param                   go to state 155
    expression              go to state 156
    arithmetic              go to state 93
    arithmetic_operand      go to state 94
    un_arithmetic_operator  go to state 95
    un_logic_operator       go to state 96
    ternary                 go to state 97
    logic                   go to state 98


State 180

   41 value: TK_IDENTIFICADOR •

    $default  reduce using rule 41 (value)


State 181

   56 local_decl_aux: TK_IDENTIFICADOR TK_OC_LE value •

    $default  reduce using rule 56 (local_decl_aux)


State 182

   42 value: literal •

    $default  reduce using rule 42 (value)


State 183

   54 local_list_aux: ',' local_decl_aux • local_list_aux

    ','  shift, and go to state 161

    $default  reduce using rule 53 (local_list_aux)

    local_list_aux  go to state 192


State 184

  112 cond_flow: TK_PR_IF '(' expression ')' command_block •
  113          | TK_PR_IF '(' expression ')' command_block • TK_PR_ELSE command_block

    TK_PR_ELSE  shift, and go to state 193

    $default  reduce using rule 112 (cond_flow)


State 185

  115 iter_flow: TK_PR_WHILE '(' expression ')' TK_PR_DO • command_block

    '{'  shift, and go to state 38

    command_block  go to state 194


State 186

  111 logic: arithmetic_operand bin_logic_operator arithmetic_operand logic •

    $default  reduce using rule 111 (logic)


State 187

   78 arithmetic: un_arithmetic_operator arithmetic_operand bin_arithmetic_operator arithmetic •

    $default  reduce using rule 78 (arithmetic)


State 188

  107 ternary: logic '?' arithmetic ':' • arithmetic

    TK_LIT_INT        shift, and go to state 70
    TK_LIT_FLOAT      shift, and go to state 71
    TK_IDENTIFICADOR  shift, and go to state 51
    '&'               shift, and go to state 81
    '#'               shift, and go to state 82
    '*'               shift, and go to state 83
    '('               shift, and go to state 84
    '+'               shift, and go to state 85
    '-'               shift, and go to state 86

    estrutura               go to state 89
    literal_numeric         go to state 90
    func_call               go to state 91
    arithmetic              go to state 195
    arithmetic_operand      go to state 126
    un_arithmetic_operator  go to state 95


State 189

  108 ternary: logic '?' logic ':' • logic

    TK_LIT_INT        shift, and go to state 70
    TK_LIT_FLOAT      shift, and go to state 71
    TK_IDENTIFICADOR  shift, and go to state 51
    '&'               shift, and go to state 81
    '#'               shift, and go to state 82
    '*'               shift, and go to state 83
    '('               shift, and go to state 84
    '+'               shift, and go to state 85
    '-'               shift, and go to state 86
    '!'               shift, and go to state 87
    '?'               shift, and go to state 88

    estrutura               go to state 89
    literal_numeric         go to state 90
    func_call               go to state 91
    arithmetic              go to state 172
    arithmetic_operand      go to state 94
    un_arithmetic_operator  go to state 95
    un_logic_operator       go to state 96
    logic                   go to state 196


State 190

  114 iter_flow: TK_PR_FOR '(' attribution ':' expression • ':' attribution ')' command_block

    ':'  shift, and go to state 197


State 191

   63 params: param ',' params •

    $default  reduce using rule 63 (params)


State 192

   54 local_list_aux: ',' local_decl_aux local_list_aux •

    $default  reduce using rule 54 (local_list_aux)


State 193

  113 cond_flow: TK_PR_IF '(' expression ')' command_block TK_PR_ELSE • command_block

    '{'  shift, and go to state 38

    command_block  go to state 198


State 194

  115 iter_flow: TK_PR_WHILE '(' expression ')' TK_PR_DO command_block •

    $default  reduce using rule 115 (iter_flow)


State 195

  107 ternary: logic '?' arithmetic ':' arithmetic •

    $default  reduce using rule 107 (ternary)


State 196

  108 ternary: logic '?' logic ':' logic •

    $default  reduce using rule 108 (ternary)


State 197

  114 iter_flow: TK_PR_FOR '(' attribution ':' expression ':' • attribution ')' command_block

    TK_IDENTIFICADOR  shift, and go to state 30

    estrutura    go to state 150
    attribution  go to state 199


State 198

  113 cond_flow: TK_PR_IF '(' expression ')' command_block TK_PR_ELSE command_block •

    $default  reduce using rule 113 (cond_flow)


State 199

  114 iter_flow: TK_PR_FOR '(' attribution ':' expression ':' attribution • ')' command_block

    ')'  shift, and go to state 200


State 200

  114 iter_flow: TK_PR_FOR '(' attribution ':' expression ':' attribution ')' • command_block

    '{'  shift, and go to state 38

    command_block  go to state 201


State 201

  114 iter_flow: TK_PR_FOR '(' attribution ':' expression ':' attribution ')' command_block •

    $default  reduce using rule 114 (iter_flow)
